[WARNING] [2021-06-01 14:28:41,327:Client-AutoML(1):f3f13eee-c317-11eb-aa84-00163e8c5cf9] Unknown dtype for X: int64, assuming it takes 8 bit/number
auto-sklearn results:
  Dataset name: f3f13eee-c317-11eb-aa84-00163e8c5cf9
  Metric: mean_absolute_error
  Best validation score: 0.550969
  Number of target algorithm runs: 180
  Number of successful target algorithm runs: 176
  Number of crashed target algorithm runs: 1
  Number of target algorithms that exceeded the time limit: 3
  Number of target algorithms that exceeded the memory limit: 0

[(0.280000, SimpleRegressionPipeline({'data_preprocessing:categorical_transformer:categorical_encoding:__choice__': 'one_hot_encoding', 'data_preprocessing:categorical_transformer:category_coalescence:__choice__': 'no_coalescense', 'data_preprocessing:numerical_transformer:imputation:strategy': 'mean', 'data_preprocessing:numerical_transformer:rescaling:__choice__': 'none', 'feature_preprocessor:__choice__': 'random_trees_embedding', 'regressor:__choice__': 'sgd', 'feature_preprocessor:random_trees_embedding:bootstrap': 'False', 'feature_preprocessor:random_trees_embedding:max_depth': 8, 'feature_preprocessor:random_trees_embedding:max_leaf_nodes': 'None', 'feature_preprocessor:random_trees_embedding:min_samples_leaf': 1, 'feature_preprocessor:random_trees_embedding:min_samples_split': 11, 'feature_preprocessor:random_trees_embedding:min_weight_fraction_leaf': 1.0, 'feature_preprocessor:random_trees_embedding:n_estimators': 38, 'regressor:sgd:alpha': 5.961716235627313e-05, 'regressor:sgd:average': 'True', 'regressor:sgd:fit_intercept': 'True', 'regressor:sgd:learning_rate': 'invscaling', 'regressor:sgd:loss': 'squared_loss', 'regressor:sgd:penalty': 'l1', 'regressor:sgd:tol': 4.518125577345665e-05, 'regressor:sgd:eta0': 0.043784271774421846, 'regressor:sgd:power_t': 0.13871147347618934},
dataset_properties={
  'task': 4,
  'sparse': False,
  'multioutput': False,
  'target_type': 'regression',
  'signed': False})),
(0.280000, SimpleRegressionPipeline({'data_preprocessing:categorical_transformer:categorical_encoding:__choice__': 'one_hot_encoding', 'data_preprocessing:categorical_transformer:category_coalescence:__choice__': 'no_coalescense', 'data_preprocessing:numerical_transformer:imputation:strategy': 'median', 'data_preprocessing:numerical_transformer:rescaling:__choice__': 'none', 'feature_preprocessor:__choice__': 'polynomial', 'regressor:__choice__': 'random_forest', 'feature_preprocessor:polynomial:degree': 3, 'feature_preprocessor:polynomial:include_bias': 'True', 'feature_preprocessor:polynomial:interaction_only': 'False', 'regressor:random_forest:bootstrap': 'False', 'regressor:random_forest:criterion': 'mae', 'regressor:random_forest:max_depth': 'None', 'regressor:random_forest:max_features': 0.6818536175530396, 'regressor:random_forest:max_leaf_nodes': 'None', 'regressor:random_forest:min_impurity_decrease': 0.0, 'regressor:random_forest:min_samples_leaf': 11, 'regressor:random_forest:min_samples_split': 11, 'regressor:random_forest:min_weight_fraction_leaf': 0.0},
dataset_properties={
  'task': 4,
  'sparse': False,
  'multioutput': False,
  'target_type': 'regression',
  'signed': False})),
(0.100000, SimpleRegressionPipeline({'data_preprocessing:categorical_transformer:categorical_encoding:__choice__': 'no_encoding', 'data_preprocessing:categorical_transformer:category_coalescence:__choice__': 'minority_coalescer', 'data_preprocessing:numerical_transformer:imputation:strategy': 'most_frequent', 'data_preprocessing:numerical_transformer:rescaling:__choice__': 'quantile_transformer', 'feature_preprocessor:__choice__': 'random_trees_embedding', 'regressor:__choice__': 'sgd', 'data_preprocessing:categorical_transformer:category_coalescence:minority_coalescer:minimum_fraction': 0.010000000000000004, 'data_preprocessing:numerical_transformer:rescaling:quantile_transformer:n_quantiles': 977, 'data_preprocessing:numerical_transformer:rescaling:quantile_transformer:output_distribution': 'normal', 'feature_preprocessor:random_trees_embedding:bootstrap': 'True', 'feature_preprocessor:random_trees_embedding:max_depth': 5, 'feature_preprocessor:random_trees_embedding:max_leaf_nodes': 'None', 'feature_preprocessor:random_trees_embedding:min_samples_leaf': 2, 'feature_preprocessor:random_trees_embedding:min_samples_split': 18, 'feature_preprocessor:random_trees_embedding:min_weight_fraction_leaf': 1.0, 'feature_preprocessor:random_trees_embedding:n_estimators': 27, 'regressor:sgd:alpha': 3.71512220333389e-06, 'regressor:sgd:average': 'False', 'regressor:sgd:fit_intercept': 'True', 'regressor:sgd:learning_rate': 'constant', 'regressor:sgd:loss': 'squared_loss', 'regressor:sgd:penalty': 'elasticnet', 'regressor:sgd:tol': 0.00011438297270229591, 'regressor:sgd:eta0': 0.010000000000000014, 'regressor:sgd:l1_ratio': 0.04639738266813941},
dataset_properties={
  'task': 4,
  'sparse': False,
  'multioutput': False,
  'target_type': 'regression',
  'signed': False})),
(0.080000, SimpleRegressionPipeline({'data_preprocessing:categorical_transformer:categorical_encoding:__choice__': 'one_hot_encoding', 'data_preprocessing:categorical_transformer:category_coalescence:__choice__': 'minority_coalescer', 'data_preprocessing:numerical_transformer:imputation:strategy': 'most_frequent', 'data_preprocessing:numerical_transformer:rescaling:__choice__': 'quantile_transformer', 'feature_preprocessor:__choice__': 'feature_agglomeration', 'regressor:__choice__': 'adaboost', 'data_preprocessing:categorical_transformer:category_coalescence:minority_coalescer:minimum_fraction': 0.021911424946449685, 'data_preprocessing:numerical_transformer:rescaling:quantile_transformer:n_quantiles': 940, 'data_preprocessing:numerical_transformer:rescaling:quantile_transformer:output_distribution': 'normal', 'feature_preprocessor:feature_agglomeration:affinity': 'cosine', 'feature_preprocessor:feature_agglomeration:linkage': 'complete', 'feature_preprocessor:feature_agglomeration:n_clusters': 124, 'feature_preprocessor:feature_agglomeration:pooling_func': 'max', 'regressor:adaboost:learning_rate': 0.04683102432992938, 'regressor:adaboost:loss': 'square', 'regressor:adaboost:max_depth': 3, 'regressor:adaboost:n_estimators': 365},
dataset_properties={
  'task': 4,
  'sparse': False,
  'multioutput': False,
  'target_type': 'regression',
  'signed': False})),
(0.080000, SimpleRegressionPipeline({'data_preprocessing:categorical_transformer:categorical_encoding:__choice__': 'no_encoding', 'data_preprocessing:categorical_transformer:category_coalescence:__choice__': 'minority_coalescer', 'data_preprocessing:numerical_transformer:imputation:strategy': 'most_frequent', 'data_preprocessing:numerical_transformer:rescaling:__choice__': 'none', 'feature_preprocessor:__choice__': 'random_trees_embedding', 'regressor:__choice__': 'adaboost', 'data_preprocessing:categorical_transformer:category_coalescence:minority_coalescer:minimum_fraction': 0.18782656237773154, 'feature_preprocessor:random_trees_embedding:bootstrap': 'True', 'feature_preprocessor:random_trees_embedding:max_depth': 6, 'feature_preprocessor:random_trees_embedding:max_leaf_nodes': 'None', 'feature_preprocessor:random_trees_embedding:min_samples_leaf': 18, 'feature_preprocessor:random_trees_embedding:min_samples_split': 7, 'feature_preprocessor:random_trees_embedding:min_weight_fraction_leaf': 1.0, 'feature_preprocessor:random_trees_embedding:n_estimators': 55, 'regressor:adaboost:learning_rate': 0.06978601418374118, 'regressor:adaboost:loss': 'square', 'regressor:adaboost:max_depth': 10, 'regressor:adaboost:n_estimators': 462},
dataset_properties={
  'task': 4,
  'sparse': False,
  'multioutput': False,
  'target_type': 'regression',
  'signed': False})),
(0.060000, SimpleRegressionPipeline({'data_preprocessing:categorical_transformer:categorical_encoding:__choice__': 'no_encoding', 'data_preprocessing:categorical_transformer:category_coalescence:__choice__': 'no_coalescense', 'data_preprocessing:numerical_transformer:imputation:strategy': 'mean', 'data_preprocessing:numerical_transformer:rescaling:__choice__': 'none', 'feature_preprocessor:__choice__': 'random_trees_embedding', 'regressor:__choice__': 'random_forest', 'feature_preprocessor:random_trees_embedding:bootstrap': 'False', 'feature_preprocessor:random_trees_embedding:max_depth': 4, 'feature_preprocessor:random_trees_embedding:max_leaf_nodes': 'None', 'feature_preprocessor:random_trees_embedding:min_samples_leaf': 7, 'feature_preprocessor:random_trees_embedding:min_samples_split': 16, 'feature_preprocessor:random_trees_embedding:min_weight_fraction_leaf': 1.0, 'feature_preprocessor:random_trees_embedding:n_estimators': 89, 'regressor:random_forest:bootstrap': 'False', 'regressor:random_forest:criterion': 'mse', 'regressor:random_forest:max_depth': 'None', 'regressor:random_forest:max_features': 0.5468368744198326, 'regressor:random_forest:max_leaf_nodes': 'None', 'regressor:random_forest:min_impurity_decrease': 0.0, 'regressor:random_forest:min_samples_leaf': 1, 'regressor:random_forest:min_samples_split': 3, 'regressor:random_forest:min_weight_fraction_leaf': 0.0},
dataset_properties={
  'task': 4,
  'sparse': False,
  'multioutput': False,
  'target_type': 'regression',
  'signed': False})),
(0.040000, SimpleRegressionPipeline({'data_preprocessing:categorical_transformer:categorical_encoding:__choice__': 'no_encoding', 'data_preprocessing:categorical_transformer:category_coalescence:__choice__': 'minority_coalescer', 'data_preprocessing:numerical_transformer:imputation:strategy': 'mean', 'data_preprocessing:numerical_transformer:rescaling:__choice__': 'quantile_transformer', 'feature_preprocessor:__choice__': 'random_trees_embedding', 'regressor:__choice__': 'sgd', 'data_preprocessing:categorical_transformer:category_coalescence:minority_coalescer:minimum_fraction': 0.00045833372603169316, 'data_preprocessing:numerical_transformer:rescaling:quantile_transformer:n_quantiles': 960, 'data_preprocessing:numerical_transformer:rescaling:quantile_transformer:output_distribution': 'normal', 'feature_preprocessor:random_trees_embedding:bootstrap': 'False', 'feature_preprocessor:random_trees_embedding:max_depth': 6, 'feature_preprocessor:random_trees_embedding:max_leaf_nodes': 'None', 'feature_preprocessor:random_trees_embedding:min_samples_leaf': 2, 'feature_preprocessor:random_trees_embedding:min_samples_split': 13, 'feature_preprocessor:random_trees_embedding:min_weight_fraction_leaf': 1.0, 'feature_preprocessor:random_trees_embedding:n_estimators': 93, 'regressor:sgd:alpha': 0.00010000000000000026, 'regressor:sgd:average': 'False', 'regressor:sgd:fit_intercept': 'True', 'regressor:sgd:learning_rate': 'invscaling', 'regressor:sgd:loss': 'squared_loss', 'regressor:sgd:penalty': 'l1', 'regressor:sgd:tol': 0.00010000000000000009, 'regressor:sgd:eta0': 0.010000000000000014, 'regressor:sgd:power_t': 0.2755578422207896},
dataset_properties={
  'task': 4,
  'sparse': False,
  'multioutput': False,
  'target_type': 'regression',
  'signed': False})),
(0.040000, SimpleRegressionPipeline({'data_preprocessing:categorical_transformer:categorical_encoding:__choice__': 'no_encoding', 'data_preprocessing:categorical_transformer:category_coalescence:__choice__': 'no_coalescense', 'data_preprocessing:numerical_transformer:imputation:strategy': 'mean', 'data_preprocessing:numerical_transformer:rescaling:__choice__': 'standardize', 'feature_preprocessor:__choice__': 'random_trees_embedding', 'regressor:__choice__': 'sgd', 'feature_preprocessor:random_trees_embedding:bootstrap': 'False', 'feature_preprocessor:random_trees_embedding:max_depth': 9, 'feature_preprocessor:random_trees_embedding:max_leaf_nodes': 'None', 'feature_preprocessor:random_trees_embedding:min_samples_leaf': 2, 'feature_preprocessor:random_trees_embedding:min_samples_split': 15, 'feature_preprocessor:random_trees_embedding:min_weight_fraction_leaf': 1.0, 'feature_preprocessor:random_trees_embedding:n_estimators': 35, 'regressor:sgd:alpha': 5.018201777696959e-05, 'regressor:sgd:average': 'False', 'regressor:sgd:fit_intercept': 'True', 'regressor:sgd:learning_rate': 'constant', 'regressor:sgd:loss': 'squared_loss', 'regressor:sgd:penalty': 'elasticnet', 'regressor:sgd:tol': 0.00027608058778630883, 'regressor:sgd:eta0': 0.02249385441525992, 'regressor:sgd:l1_ratio': 0.11934086791003262},
dataset_properties={
  'task': 4,
  'sparse': False,
  'multioutput': False,
  'target_type': 'regression',
  'signed': False})),
(0.020000, SimpleRegressionPipeline({'data_preprocessing:categorical_transformer:categorical_encoding:__choice__': 'one_hot_encoding', 'data_preprocessing:categorical_transformer:category_coalescence:__choice__': 'no_coalescense', 'data_preprocessing:numerical_transformer:imputation:strategy': 'mean', 'data_preprocessing:numerical_transformer:rescaling:__choice__': 'standardize', 'feature_preprocessor:__choice__': 'random_trees_embedding', 'regressor:__choice__': 'sgd', 'feature_preprocessor:random_trees_embedding:bootstrap': 'True', 'feature_preprocessor:random_trees_embedding:max_depth': 5, 'feature_preprocessor:random_trees_embedding:max_leaf_nodes': 'None', 'feature_preprocessor:random_trees_embedding:min_samples_leaf': 1, 'feature_preprocessor:random_trees_embedding:min_samples_split': 10, 'feature_preprocessor:random_trees_embedding:min_weight_fraction_leaf': 1.0, 'feature_preprocessor:random_trees_embedding:n_estimators': 35, 'regressor:sgd:alpha': 1.18863458254754e-06, 'regressor:sgd:average': 'True', 'regressor:sgd:fit_intercept': 'True', 'regressor:sgd:learning_rate': 'invscaling', 'regressor:sgd:loss': 'squared_loss', 'regressor:sgd:penalty': 'l1', 'regressor:sgd:tol': 0.00011251130122110686, 'regressor:sgd:eta0': 0.046763879613450916, 'regressor:sgd:power_t': 0.34429704712004017},
dataset_properties={
  'task': 4,
  'sparse': False,
  'multioutput': False,
  'target_type': 'regression',
  'signed': False})),
(0.020000, SimpleRegressionPipeline({'data_preprocessing:categorical_transformer:categorical_encoding:__choice__': 'no_encoding', 'data_preprocessing:categorical_transformer:category_coalescence:__choice__': 'no_coalescense', 'data_preprocessing:numerical_transformer:imputation:strategy': 'most_frequent', 'data_preprocessing:numerical_transformer:rescaling:__choice__': 'standardize', 'feature_preprocessor:__choice__': 'no_preprocessing', 'regressor:__choice__': 'gradient_boosting', 'regressor:gradient_boosting:early_stop': 'train', 'regressor:gradient_boosting:l2_regularization': 0.03924332738035384, 'regressor:gradient_boosting:learning_rate': 0.049768184173431644, 'regressor:gradient_boosting:loss': 'least_squares', 'regressor:gradient_boosting:max_bins': 255, 'regressor:gradient_boosting:max_depth': 'None', 'regressor:gradient_boosting:max_leaf_nodes': 3, 'regressor:gradient_boosting:min_samples_leaf': 3, 'regressor:gradient_boosting:scoring': 'loss', 'regressor:gradient_boosting:tol': 1e-07, 'regressor:gradient_boosting:n_iter_no_change': 2},
dataset_properties={
  'task': 4,
  'sparse': False,
  'multioutput': False,
  'target_type': 'regression',
  'signed': False})),
]
