[WARNING] [2021-06-01 15:36:26,042:Client-AutoML(1):6ae66bf2-c321-11eb-a9ae-00163e8c5cf9] Unknown dtype for X: int64, assuming it takes 8 bit/number
auto-sklearn results:
  Dataset name: 6ae66bf2-c321-11eb-a9ae-00163e8c5cf9
  Metric: mean_absolute_error
  Best validation score: 0.370176
  Number of target algorithm runs: 166
  Number of successful target algorithm runs: 163
  Number of crashed target algorithm runs: 0
  Number of target algorithms that exceeded the time limit: 3
  Number of target algorithms that exceeded the memory limit: 0

[(0.280000, SimpleRegressionPipeline({'data_preprocessing:categorical_transformer:categorical_encoding:__choice__': 'one_hot_encoding', 'data_preprocessing:categorical_transformer:category_coalescence:__choice__': 'no_coalescense', 'data_preprocessing:numerical_transformer:imputation:strategy': 'mean', 'data_preprocessing:numerical_transformer:rescaling:__choice__': 'minmax', 'feature_preprocessor:__choice__': 'polynomial', 'regressor:__choice__': 'decision_tree', 'feature_preprocessor:polynomial:degree': 2, 'feature_preprocessor:polynomial:include_bias': 'True', 'feature_preprocessor:polynomial:interaction_only': 'False', 'regressor:decision_tree:criterion': 'mae', 'regressor:decision_tree:max_depth_factor': 1.5405449882495459, 'regressor:decision_tree:max_features': 1.0, 'regressor:decision_tree:max_leaf_nodes': 'None', 'regressor:decision_tree:min_impurity_decrease': 0.0, 'regressor:decision_tree:min_samples_leaf': 5, 'regressor:decision_tree:min_samples_split': 16, 'regressor:decision_tree:min_weight_fraction_leaf': 0.0},
dataset_properties={
  'task': 4,
  'sparse': False,
  'multioutput': False,
  'target_type': 'regression',
  'signed': False})),
(0.180000, SimpleRegressionPipeline({'data_preprocessing:categorical_transformer:categorical_encoding:__choice__': 'one_hot_encoding', 'data_preprocessing:categorical_transformer:category_coalescence:__choice__': 'minority_coalescer', 'data_preprocessing:numerical_transformer:imputation:strategy': 'most_frequent', 'data_preprocessing:numerical_transformer:rescaling:__choice__': 'quantile_transformer', 'feature_preprocessor:__choice__': 'random_trees_embedding', 'regressor:__choice__': 'random_forest', 'data_preprocessing:categorical_transformer:category_coalescence:minority_coalescer:minimum_fraction': 0.010000000000000004, 'data_preprocessing:numerical_transformer:rescaling:quantile_transformer:n_quantiles': 1000, 'data_preprocessing:numerical_transformer:rescaling:quantile_transformer:output_distribution': 'normal', 'feature_preprocessor:random_trees_embedding:bootstrap': 'True', 'feature_preprocessor:random_trees_embedding:max_depth': 8, 'feature_preprocessor:random_trees_embedding:max_leaf_nodes': 'None', 'feature_preprocessor:random_trees_embedding:min_samples_leaf': 2, 'feature_preprocessor:random_trees_embedding:min_samples_split': 4, 'feature_preprocessor:random_trees_embedding:min_weight_fraction_leaf': 1.0, 'feature_preprocessor:random_trees_embedding:n_estimators': 45, 'regressor:random_forest:bootstrap': 'False', 'regressor:random_forest:criterion': 'friedman_mse', 'regressor:random_forest:max_depth': 'None', 'regressor:random_forest:max_features': 0.12218111479921746, 'regressor:random_forest:max_leaf_nodes': 'None', 'regressor:random_forest:min_impurity_decrease': 0.0, 'regressor:random_forest:min_samples_leaf': 1, 'regressor:random_forest:min_samples_split': 5, 'regressor:random_forest:min_weight_fraction_leaf': 0.0},
dataset_properties={
  'task': 4,
  'sparse': False,
  'multioutput': False,
  'target_type': 'regression',
  'signed': False})),
(0.180000, SimpleRegressionPipeline({'data_preprocessing:categorical_transformer:categorical_encoding:__choice__': 'one_hot_encoding', 'data_preprocessing:categorical_transformer:category_coalescence:__choice__': 'minority_coalescer', 'data_preprocessing:numerical_transformer:imputation:strategy': 'mean', 'data_preprocessing:numerical_transformer:rescaling:__choice__': 'quantile_transformer', 'feature_preprocessor:__choice__': 'random_trees_embedding', 'regressor:__choice__': 'random_forest', 'data_preprocessing:categorical_transformer:category_coalescence:minority_coalescer:minimum_fraction': 0.008047696058987839, 'data_preprocessing:numerical_transformer:rescaling:quantile_transformer:n_quantiles': 453, 'data_preprocessing:numerical_transformer:rescaling:quantile_transformer:output_distribution': 'normal', 'feature_preprocessor:random_trees_embedding:bootstrap': 'False', 'feature_preprocessor:random_trees_embedding:max_depth': 10, 'feature_preprocessor:random_trees_embedding:max_leaf_nodes': 'None', 'feature_preprocessor:random_trees_embedding:min_samples_leaf': 2, 'feature_preprocessor:random_trees_embedding:min_samples_split': 5, 'feature_preprocessor:random_trees_embedding:min_weight_fraction_leaf': 1.0, 'feature_preprocessor:random_trees_embedding:n_estimators': 90, 'regressor:random_forest:bootstrap': 'False', 'regressor:random_forest:criterion': 'friedman_mse', 'regressor:random_forest:max_depth': 'None', 'regressor:random_forest:max_features': 0.5718246891936867, 'regressor:random_forest:max_leaf_nodes': 'None', 'regressor:random_forest:min_impurity_decrease': 0.0, 'regressor:random_forest:min_samples_leaf': 1, 'regressor:random_forest:min_samples_split': 2, 'regressor:random_forest:min_weight_fraction_leaf': 0.0},
dataset_properties={
  'task': 4,
  'sparse': False,
  'multioutput': False,
  'target_type': 'regression',
  'signed': False})),
(0.180000, SimpleRegressionPipeline({'data_preprocessing:categorical_transformer:categorical_encoding:__choice__': 'no_encoding', 'data_preprocessing:categorical_transformer:category_coalescence:__choice__': 'minority_coalescer', 'data_preprocessing:numerical_transformer:imputation:strategy': 'median', 'data_preprocessing:numerical_transformer:rescaling:__choice__': 'power_transformer', 'feature_preprocessor:__choice__': 'random_trees_embedding', 'regressor:__choice__': 'libsvm_svr', 'data_preprocessing:categorical_transformer:category_coalescence:minority_coalescer:minimum_fraction': 0.18154498129108876, 'feature_preprocessor:random_trees_embedding:bootstrap': 'True', 'feature_preprocessor:random_trees_embedding:max_depth': 7, 'feature_preprocessor:random_trees_embedding:max_leaf_nodes': 'None', 'feature_preprocessor:random_trees_embedding:min_samples_leaf': 18, 'feature_preprocessor:random_trees_embedding:min_samples_split': 5, 'feature_preprocessor:random_trees_embedding:min_weight_fraction_leaf': 1.0, 'feature_preprocessor:random_trees_embedding:n_estimators': 99, 'regressor:libsvm_svr:C': 0.17663176035135342, 'regressor:libsvm_svr:epsilon': 0.004194871753827293, 'regressor:libsvm_svr:kernel': 'poly', 'regressor:libsvm_svr:max_iter': -1, 'regressor:libsvm_svr:shrinking': 'False', 'regressor:libsvm_svr:tol': 0.0001843089034523538, 'regressor:libsvm_svr:coef0': 0.25484412274371193, 'regressor:libsvm_svr:degree': 5, 'regressor:libsvm_svr:gamma': 0.0285753199359544},
dataset_properties={
  'task': 4,
  'sparse': False,
  'multioutput': False,
  'target_type': 'regression',
  'signed': False})),
(0.060000, SimpleRegressionPipeline({'data_preprocessing:categorical_transformer:categorical_encoding:__choice__': 'one_hot_encoding', 'data_preprocessing:categorical_transformer:category_coalescence:__choice__': 'no_coalescense', 'data_preprocessing:numerical_transformer:imputation:strategy': 'mean', 'data_preprocessing:numerical_transformer:rescaling:__choice__': 'power_transformer', 'feature_preprocessor:__choice__': 'random_trees_embedding', 'regressor:__choice__': 'libsvm_svr', 'feature_preprocessor:random_trees_embedding:bootstrap': 'True', 'feature_preprocessor:random_trees_embedding:max_depth': 10, 'feature_preprocessor:random_trees_embedding:max_leaf_nodes': 'None', 'feature_preprocessor:random_trees_embedding:min_samples_leaf': 12, 'feature_preprocessor:random_trees_embedding:min_samples_split': 5, 'feature_preprocessor:random_trees_embedding:min_weight_fraction_leaf': 1.0, 'feature_preprocessor:random_trees_embedding:n_estimators': 23, 'regressor:libsvm_svr:C': 10.335853776097448, 'regressor:libsvm_svr:epsilon': 0.02795515380691807, 'regressor:libsvm_svr:kernel': 'poly', 'regressor:libsvm_svr:max_iter': -1, 'regressor:libsvm_svr:shrinking': 'True', 'regressor:libsvm_svr:tol': 0.0020508052160343724, 'regressor:libsvm_svr:coef0': -0.09671709674204121, 'regressor:libsvm_svr:degree': 2, 'regressor:libsvm_svr:gamma': 0.028171400656279186},
dataset_properties={
  'task': 4,
  'sparse': False,
  'multioutput': False,
  'target_type': 'regression',
  'signed': False})),
(0.060000, SimpleRegressionPipeline({'data_preprocessing:categorical_transformer:categorical_encoding:__choice__': 'no_encoding', 'data_preprocessing:categorical_transformer:category_coalescence:__choice__': 'no_coalescense', 'data_preprocessing:numerical_transformer:imputation:strategy': 'most_frequent', 'data_preprocessing:numerical_transformer:rescaling:__choice__': 'standardize', 'feature_preprocessor:__choice__': 'random_trees_embedding', 'regressor:__choice__': 'libsvm_svr', 'feature_preprocessor:random_trees_embedding:bootstrap': 'False', 'feature_preprocessor:random_trees_embedding:max_depth': 9, 'feature_preprocessor:random_trees_embedding:max_leaf_nodes': 'None', 'feature_preprocessor:random_trees_embedding:min_samples_leaf': 9, 'feature_preprocessor:random_trees_embedding:min_samples_split': 15, 'feature_preprocessor:random_trees_embedding:min_weight_fraction_leaf': 1.0, 'feature_preprocessor:random_trees_embedding:n_estimators': 26, 'regressor:libsvm_svr:C': 66.09839835307267, 'regressor:libsvm_svr:epsilon': 0.014989762646744374, 'regressor:libsvm_svr:kernel': 'rbf', 'regressor:libsvm_svr:max_iter': -1, 'regressor:libsvm_svr:shrinking': 'True', 'regressor:libsvm_svr:tol': 0.017574811675276816, 'regressor:libsvm_svr:degree': 4, 'regressor:libsvm_svr:gamma': 0.040656012494904734},
dataset_properties={
  'task': 4,
  'sparse': False,
  'multioutput': False,
  'target_type': 'regression',
  'signed': False})),
(0.040000, SimpleRegressionPipeline({'data_preprocessing:categorical_transformer:categorical_encoding:__choice__': 'no_encoding', 'data_preprocessing:categorical_transformer:category_coalescence:__choice__': 'no_coalescense', 'data_preprocessing:numerical_transformer:imputation:strategy': 'mean', 'data_preprocessing:numerical_transformer:rescaling:__choice__': 'minmax', 'feature_preprocessor:__choice__': 'random_trees_embedding', 'regressor:__choice__': 'libsvm_svr', 'feature_preprocessor:random_trees_embedding:bootstrap': 'True', 'feature_preprocessor:random_trees_embedding:max_depth': 9, 'feature_preprocessor:random_trees_embedding:max_leaf_nodes': 'None', 'feature_preprocessor:random_trees_embedding:min_samples_leaf': 1, 'feature_preprocessor:random_trees_embedding:min_samples_split': 2, 'feature_preprocessor:random_trees_embedding:min_weight_fraction_leaf': 1.0, 'feature_preprocessor:random_trees_embedding:n_estimators': 10, 'regressor:libsvm_svr:C': 14.83687215905191, 'regressor:libsvm_svr:epsilon': 0.008076327829163116, 'regressor:libsvm_svr:kernel': 'linear', 'regressor:libsvm_svr:max_iter': -1, 'regressor:libsvm_svr:shrinking': 'True', 'regressor:libsvm_svr:tol': 0.037585129994999876},
dataset_properties={
  'task': 4,
  'sparse': False,
  'multioutput': False,
  'target_type': 'regression',
  'signed': False})),
(0.020000, SimpleRegressionPipeline({'data_preprocessing:categorical_transformer:categorical_encoding:__choice__': 'one_hot_encoding', 'data_preprocessing:categorical_transformer:category_coalescence:__choice__': 'no_coalescense', 'data_preprocessing:numerical_transformer:imputation:strategy': 'most_frequent', 'data_preprocessing:numerical_transformer:rescaling:__choice__': 'standardize', 'feature_preprocessor:__choice__': 'random_trees_embedding', 'regressor:__choice__': 'libsvm_svr', 'feature_preprocessor:random_trees_embedding:bootstrap': 'False', 'feature_preprocessor:random_trees_embedding:max_depth': 9, 'feature_preprocessor:random_trees_embedding:max_leaf_nodes': 'None', 'feature_preprocessor:random_trees_embedding:min_samples_leaf': 7, 'feature_preprocessor:random_trees_embedding:min_samples_split': 12, 'feature_preprocessor:random_trees_embedding:min_weight_fraction_leaf': 1.0, 'feature_preprocessor:random_trees_embedding:n_estimators': 11, 'regressor:libsvm_svr:C': 52.97248963938618, 'regressor:libsvm_svr:epsilon': 0.014989762646744374, 'regressor:libsvm_svr:kernel': 'rbf', 'regressor:libsvm_svr:max_iter': -1, 'regressor:libsvm_svr:shrinking': 'True', 'regressor:libsvm_svr:tol': 0.037585129994999876, 'regressor:libsvm_svr:degree': 2, 'regressor:libsvm_svr:gamma': 0.09988422976215607},
dataset_properties={
  'task': 4,
  'sparse': False,
  'multioutput': False,
  'target_type': 'regression',
  'signed': False})),
]
